TN:
SF:src\pages\auth\LoginPage.jsx
FN:19,(anonymous_0)
FN:33,(anonymous_1)
FNF:2
FNH:2
FNDA:859,(anonymous_0)
FNDA:9,(anonymous_1)
DA:11,2
DA:19,2
DA:20,859
DA:21,859
DA:22,859
DA:23,859
DA:25,859
DA:27,859
DA:34,9
DA:35,9
DA:36,9
DA:38,4
DA:39,4
DA:40,4
DA:43,4
DA:44,4
DA:46,8
DA:51,859
LF:18
LH:18
BRDA:25,0,0,859
BRDA:25,0,1,859
BRDA:38,1,0,4
BRDA:38,1,1,0
BRDA:43,2,0,4
BRDA:43,2,1,2
BRF:6
BRH:5
end_of_record
TN:
SF:src\pages\auth\RegisterPage.jsx
FN:36,(anonymous_0)
FN:39,(anonymous_1)
FN:43,(anonymous_2)
FN:46,(anonymous_3)
FN:52,(anonymous_4)
FN:84,(anonymous_5)
FNF:6
FNH:6
FNDA:336,(anonymous_0)
FNDA:1794,(anonymous_1)
FNDA:54,(anonymous_2)
FNDA:2076,(anonymous_3)
FNDA:2156,(anonymous_4)
FNDA:11,(anonymous_5)
DA:12,2
DA:36,336
DA:39,1794
DA:43,54
DA:46,2076
DA:52,2
DA:53,2156
DA:54,2156
DA:55,2156
DA:57,2156
DA:62,2156
DA:70,2156
DA:85,11
DA:86,11
DA:87,11
DA:89,7
DA:90,7
DA:91,7
DA:94,4
DA:95,4
DA:97,11
DA:102,2156
LF:22
LH:22
BRDA:89,0,0,7
BRDA:89,0,1,0
BRDA:90,1,0,7
BRDA:90,1,1,1
BRDA:94,2,0,4
BRDA:94,2,1,2
BRDA:210,3,0,2156
BRDA:210,3,1,333
BRDA:225,4,0,2156
BRDA:225,4,1,54
BRDA:264,5,0,2156
BRDA:264,5,1,26
BRDA:264,5,2,4
BRF:13
BRH:12
end_of_record
